61
58.4
57
55.8
55.4
54.6
52.6
54.4
54.6
53.2
53.2
51.9
52.6
52.3
52.8
53.4
53.6
53.8
54
53.2
52.6
53.4
53.8
54.4
53.8
54.2
55.1
54.6
55.4
54.8
56.5
56.6
55.4
54.2
54.7
54.3
53.5
51.7
52
51
50.5
51.3
52
53.4
54.9
55.2
56.3
55.6
56
56.5
55.5
55.6
56.3
56
56.7
57.6
58.7
60.3
61.8
62.4
64.3
65
66.7
67.3
66.4
66.1
65.6
64.5
65.2
64.7
65.4
65.6
65.4
65.9
67.1
65.6
66.3
67.2
67.4
67.5
68.4
69.4
68.8
69.5
69.4
70.4
69.4
69.7
71
71.1
72.9
72.9
73
74.9
77.5
78.6
78.1
79.6
80.8
83.6
86.2
91.1
95.3
98.9
105
107.6
110.5
114.4
120
128
132.1
130.4
130
132.5
130.1
121.1
112.8
97.6
89.5
86
86.4
84.2
84
87.2
93.3
93.3
90.7
93.5
93
94.8
98.8
100.7
101.5
99
96.3
96.8
96.3
95.8
100
107.7
114.1
120.1
124.1
129.3
133.7
137.6
134.3
136.4
135.2
135
133.2
133
130.4
125.7
126.1
122.1
122.4
125.4
125.8
124.4
119
115.9
122.1
123.4
125.2
124
123.6
122.9
123.4
123.3
122.9
122.9
122.1
120.9
117.9
116.2
116.4
118.8
118.7
118.2
116.2
118.5
122.1
121.5
121.3
119.3
116.4
113
109.3
109.4
108.2
105.1
100.7
98.5
95.6
94.7
95
94.5
93.8
89.6
89
90.4
87.7
87.1
84.9
86
87.4
89.2
90.6
93.8
93
95.3
96.1
95.9
95.8
95.1
97.7
98.1
96.2
95.1
97.4
98
100.2
99.3
99.9
98.9
98.9
96.4
96.8
97.9
99
98.6
98.7
97
95.1
96
94.2
93.3
92.2
92.2
93.3
94
93.2
93.6
94.3
95.4
95.1
94.1
93.4
95.2
98.6
101
102.5
99.4
95.2
92.5
91.1
93.3
94
95.9
98
101.4
105.6
108.6
113.5
116.6
119.2
122.1
128.1
125.3
124.6
128
129.2
133.2
135.3
133.7
135.6
141.2
145.126
148.1982
150.9587
149.7011
148.2938
146.3436
145.4784
145.3928
145.3529
143.0049
